<?xml version="1.0" encoding="UTF-8"?>
<!-- Generated by org.testng.reporters.JUnitXMLReporter -->
<testsuite ignored="0" hostname="GauravAhuja" failures="0" tests="4" name="Test" time="53.531" errors="0" timestamp="2023-07-02T08:59:34 IST">
  <testcase classname="TestPackage.LoginPage" name="orangeUrl" time="23.519"/>
  <testcase classname="TestPackage.LoginPage" name="loginDataprovider" time="3.164"/>
  <testcase classname="TestPackage.LoginPage" name="loginDataprovider" time="2.505"/>
  <testcase classname="TestPackage.LoginPage" name="loginDataprovider" time="2.6"/>
</testsuite> <!-- Test -->
